This is pdfTeX, Version 3.14159265-2.6-1.40.20 (MiKTeX 2.9.7140 64-bit) (preloaded format=pdflatex 2019.9.8)  17 SEP 2019 21:00
entering extended mode
**"./EV_1_5_caracteristicas de los convertidores de potencia CA-CD,CD-CA,CA-CA,
CD-CD.tex"

("EV_1_5_caracteristicas de los convertidores de potencia CA-CD,CD-CA,CA-CA,CD-
CD.tex"
LaTeX2e <2018-12-01>
("C:\Users\leo_2\AppData\Local\Programs\MiKTeX 2.9\tex/latex/base\report.cls"
Document Class: report 2018/09/03 v1.4i Standard LaTeX document class
("C:\Users\leo_2\AppData\Local\Programs\MiKTeX 2.9\tex/latex/base\size12.clo"
File: size12.clo 2018/09/03 v1.4i Standard LaTeX file (size option)
)
\c@part=\count80
\c@chapter=\count81
\c@section=\count82
\c@subsection=\count83
\c@subsubsection=\count84
\c@paragraph=\count85
\c@subparagraph=\count86
\c@figure=\count87
\c@table=\count88
\abovecaptionskip=\skip41
\belowcaptionskip=\skip42
\bibindent=\dimen102
) ("C:\Users\leo_2\AppData\Local\Programs\MiKTeX 2.9\tex/latex/base\inputenc.st
y"
Package: inputenc 2018/08/11 v1.3c Input encoding file
\inpenc@prehook=\toks14
\inpenc@posthook=\toks15
 ("C:\Users\leo_2\AppData\Local\Programs\MiKTeX 2.9\tex/latex/base\latin1.def"
File: latin1.def 2018/08/11 v1.3c Input encoding file
))
("C:\Users\leo_2\AppData\Local\Programs\MiKTeX 2.9\tex/latex/amsmath\amsmath.st
y"
Package: amsmath 2018/12/01 v2.17b AMS math features
\@mathmargin=\skip43

For additional information on amsmath, use the `?' option.

("C:\Users\leo_2\AppData\Local\Programs\MiKTeX 2.9\tex/latex/amsmath\amstext.st
y"
Package: amstext 2000/06/29 v2.01 AMS text

("C:\Users\leo_2\AppData\Local\Programs\MiKTeX 2.9\tex/latex/amsmath\amsgen.sty
"
File: amsgen.sty 1999/11/30 v2.0 generic functions
\@emptytoks=\toks16
\ex@=\dimen103
))
("C:\Users\leo_2\AppData\Local\Programs\MiKTeX 2.9\tex/latex/amsmath\amsbsy.sty
"
Package: amsbsy 1999/11/29 v1.2d Bold Symbols
\pmbraise@=\dimen104
)
("C:\Users\leo_2\AppData\Local\Programs\MiKTeX 2.9\tex/latex/amsmath\amsopn.sty
"
Package: amsopn 2016/03/08 v2.02 operator names
)
\inf@bad=\count89
LaTeX Info: Redefining \frac on input line 223.
\uproot@=\count90
\leftroot@=\count91
LaTeX Info: Redefining \overline on input line 385.
\classnum@=\count92
\DOTSCASE@=\count93
LaTeX Info: Redefining \ldots on input line 482.
LaTeX Info: Redefining \dots on input line 485.
LaTeX Info: Redefining \cdots on input line 606.
\Mathstrutbox@=\box27
\strutbox@=\box28
\big@size=\dimen105
LaTeX Font Info:    Redeclaring font encoding OML on input line 729.
LaTeX Font Info:    Redeclaring font encoding OMS on input line 730.
\macc@depth=\count94
\c@MaxMatrixCols=\count95
\dotsspace@=\muskip10
\c@parentequation=\count96
\dspbrk@lvl=\count97
\tag@help=\toks17
\row@=\count98
\column@=\count99
\maxfields@=\count100
\andhelp@=\toks18
\eqnshift@=\dimen106
\alignsep@=\dimen107
\tagshift@=\dimen108
\tagwidth@=\dimen109
\totwidth@=\dimen110
\lineht@=\dimen111
\@envbody=\toks19
\multlinegap=\skip44
\multlinetaggap=\skip45
\mathdisplay@stack=\toks20
LaTeX Info: Redefining \[ on input line 2844.
LaTeX Info: Redefining \] on input line 2845.
)
("C:\Users\leo_2\AppData\Local\Programs\MiKTeX 2.9\tex/latex/amsfonts\amsfonts.
sty"
Package: amsfonts 2013/01/14 v3.01 Basic AMSFonts support
\symAMSa=\mathgroup4
\symAMSb=\mathgroup5
LaTeX Font Info:    Overwriting math alphabet `\mathfrak' in version `bold'
(Font)                  U/euf/m/n --> U/euf/b/n on input line 106.
)
("C:\Users\leo_2\AppData\Local\Programs\MiKTeX 2.9\tex/latex/amsfonts\amssymb.s
ty"
Package: amssymb 2013/01/14 v3.01 AMS font symbols
)
("C:\Users\leo_2\AppData\Local\Programs\MiKTeX 2.9\tex/latex/graphics\graphicx.
sty"
Package: graphicx 2017/06/01 v1.1a Enhanced LaTeX Graphics (DPC,SPQR)

("C:\Users\leo_2\AppData\Local\Programs\MiKTeX 2.9\tex/latex/graphics\keyval.st
y"
Package: keyval 2014/10/28 v1.15 key=value parser (DPC)
\KV@toks@=\toks21
)
("C:\Users\leo_2\AppData\Local\Programs\MiKTeX 2.9\tex/latex/graphics\graphics.
sty"
Package: graphics 2017/06/25 v1.2c Standard LaTeX Graphics (DPC,SPQR)

("C:\Users\leo_2\AppData\Local\Programs\MiKTeX 2.9\tex/latex/graphics\trig.sty"
Package: trig 2016/01/03 v1.10 sin cos tan (DPC)
)
("C:\Users\leo_2\AppData\Local\Programs\MiKTeX 2.9\tex/latex/graphics-cfg\graph
ics.cfg"
File: graphics.cfg 2016/06/04 v1.11 sample graphics configuration
)
Package graphics Info: Driver file: pdftex.def on input line 99.

("C:\Users\leo_2\AppData\Local\Programs\MiKTeX 2.9\tex/latex/graphics-def\pdfte
x.def"
File: pdftex.def 2018/01/08 v1.0l Graphics/color driver for pdftex
))
\Gin@req@height=\dimen112
\Gin@req@width=\dimen113
)
("C:\Users\leo_2\AppData\Local\Programs\MiKTeX 2.9\tex/latex/geometry\geometry.
sty"
Package: geometry 2018/04/16 v5.8 Page Geometry

("C:\Users\leo_2\AppData\Local\Programs\MiKTeX 2.9\tex/generic/oberdiek\ifpdf.s
ty"
Package: ifpdf 2018/09/07 v3.3 Provides the ifpdf switch
)
("C:\Users\leo_2\AppData\Local\Programs\MiKTeX 2.9\tex/generic/oberdiek\ifvtex.
sty"
Package: ifvtex 2016/05/16 v1.6 Detect VTeX and its facilities (HO)
Package ifvtex Info: VTeX not detected.
)
("C:\Users\leo_2\AppData\Local\Programs\MiKTeX 2.9\tex/generic/ifxetex\ifxetex.
sty"
Package: ifxetex 2010/09/12 v0.6 Provides ifxetex conditional
)
\Gm@cnth=\count101
\Gm@cntv=\count102
\c@Gm@tempcnt=\count103
\Gm@bindingoffset=\dimen114
\Gm@wd@mp=\dimen115
\Gm@odd@mp=\dimen116
\Gm@even@mp=\dimen117
\Gm@layoutwidth=\dimen118
\Gm@layoutheight=\dimen119
\Gm@layouthoffset=\dimen120
\Gm@layoutvoffset=\dimen121
\Gm@dimlist=\toks22

("C:\Users\leo_2\AppData\Local\Programs\MiKTeX 2.9\tex/latex/geometry\geometry.
cfg"))
("EV_1_5_caracteristicas de los convertidores de potencia CA-CD,CD-CA,CA-CA,CD-
CD.aux")
\openout1 = `"EV_1_5_caracteristicas de los convertidores de potencia CA-CD,CD-
CA,CA-CA,CD-CD.aux"'.

LaTeX Font Info:    Checking defaults for OML/cmm/m/it on input line 11.
LaTeX Font Info:    ... okay on input line 11.
LaTeX Font Info:    Checking defaults for T1/cmr/m/n on input line 11.
LaTeX Font Info:    ... okay on input line 11.
LaTeX Font Info:    Checking defaults for OT1/cmr/m/n on input line 11.
LaTeX Font Info:    ... okay on input line 11.
LaTeX Font Info:    Checking defaults for OMS/cmsy/m/n on input line 11.
LaTeX Font Info:    ... okay on input line 11.
LaTeX Font Info:    Checking defaults for OMX/cmex/m/n on input line 11.
LaTeX Font Info:    ... okay on input line 11.
LaTeX Font Info:    Checking defaults for U/cmr/m/n on input line 11.
LaTeX Font Info:    ... okay on input line 11.

("C:\Users\leo_2\AppData\Local\Programs\MiKTeX 2.9\tex/context/base/mkii\supp-p
df.mkii"
[Loading MPS to PDF converter (version 2006.09.02).]
\scratchcounter=\count104
\scratchdimen=\dimen122
\scratchbox=\box29
\nofMPsegments=\count105
\nofMParguments=\count106
\everyMPshowfont=\toks23
\MPscratchCnt=\count107
\MPscratchDim=\dimen123
\MPnumerator=\count108
\makeMPintoPDFobject=\count109
\everyMPtoPDFconversion=\toks24
)
("C:\Users\leo_2\AppData\Local\Programs\MiKTeX 2.9\tex/latex/oberdiek\epstopdf-
base.sty"
Package: epstopdf-base 2016/05/15 v2.6 Base part for package epstopdf

("C:\Users\leo_2\AppData\Local\Programs\MiKTeX 2.9\tex/generic/oberdiek\infware
rr.sty"
Package: infwarerr 2016/05/16 v1.4 Providing info/warning/error messages (HO)
)
("C:\Users\leo_2\AppData\Local\Programs\MiKTeX 2.9\tex/latex/oberdiek\grfext.st
y"
Package: grfext 2016/05/16 v1.2 Manage graphics extensions (HO)

("C:\Users\leo_2\AppData\Local\Programs\MiKTeX 2.9\tex/generic/oberdiek\kvdefin
ekeys.sty"
Package: kvdefinekeys 2016/05/16 v1.4 Define keys (HO)

("C:\Users\leo_2\AppData\Local\Programs\MiKTeX 2.9\tex/generic/oberdiek\ltxcmds
.sty"
Package: ltxcmds 2016/05/16 v1.23 LaTeX kernel commands for general use (HO)
)))
("C:\Users\leo_2\AppData\Local\Programs\MiKTeX 2.9\tex/latex/oberdiek\kvoptions
.sty"
Package: kvoptions 2016/05/16 v3.12 Key value format for package options (HO)

("C:\Users\leo_2\AppData\Local\Programs\MiKTeX 2.9\tex/generic/oberdiek\kvsetke
ys.sty"
Package: kvsetkeys 2016/05/16 v1.17 Key value parser (HO)

("C:\Users\leo_2\AppData\Local\Programs\MiKTeX 2.9\tex/generic/oberdiek\etexcmd
s.sty"
Package: etexcmds 2016/05/16 v1.6 Avoid name clashes with e-TeX commands (HO)

("C:\Users\leo_2\AppData\Local\Programs\MiKTeX 2.9\tex/generic/oberdiek\ifluate
x.sty"
Package: ifluatex 2016/05/16 v1.4 Provides the ifluatex switch (HO)
Package ifluatex Info: LuaTeX not detected.
))))
("C:\Users\leo_2\AppData\Local\Programs\MiKTeX 2.9\tex/generic/oberdiek\pdftexc
mds.sty"
Package: pdftexcmds 2019/07/25 v0.30 Utility functions of pdfTeX for LuaTeX (HO
)
Package pdftexcmds Info: LuaTeX not detected.
Package pdftexcmds Info: \pdf@primitive is available.
Package pdftexcmds Info: \pdf@ifprimitive is available.
Package pdftexcmds Info: \pdfdraftmode found.
)
Package epstopdf-base Info: Redefining graphics rule for `.eps' on input line 4
38.
Package grfext Info: Graphics extension search list:
(grfext)             [.pdf,.png,.jpg,.mps,.jpeg,.jbig2,.jb2,.PDF,.PNG,.JPG,.JPE
G,.JBIG2,.JB2,.eps]
(grfext)             \AppendGraphicsExtensions on input line 456.
)
*geometry* driver: auto-detecting
*geometry* detected driver: pdftex
*geometry* verbose mode - [ preamble ] result:
* driver: pdftex
* paper: a4paper
* layout: <same size as paper>
* layoutoffset:(h,v)=(0.0pt,0.0pt)
* modes: 
* h-part:(L,W,R)=(56.9055pt, 483.69687pt, 56.9055pt)
* v-part:(T,H,B)=(56.9055pt, 731.23584pt, 56.9055pt)
* \paperwidth=597.50787pt
* \paperheight=845.04684pt
* \textwidth=483.69687pt
* \textheight=731.23584pt
* \oddsidemargin=-15.36449pt
* \evensidemargin=-15.36449pt
* \topmargin=-52.36449pt
* \headheight=12.0pt
* \headsep=25.0pt
* \topskip=12.0pt
* \footskip=30.0pt
* \marginparwidth=35.0pt
* \marginparsep=10.0pt
* \columnsep=10.0pt
* \skip\footins=10.8pt plus 4.0pt minus 2.0pt
* \hoffset=0.0pt
* \voffset=0.0pt
* \mag=1000
* \@twocolumnfalse
* \@twosidefalse
* \@mparswitchfalse
* \@reversemarginfalse
* (1in=72.27pt=25.4mm, 1cm=28.453pt)

LaTeX Font Info:    Try loading font information for U+msa on input line 29.
("C:\Users\leo_2\AppData\Local\Programs\MiKTeX 2.9\tex/latex/amsfonts\umsa.fd"
File: umsa.fd 2013/01/14 v3.01 AMS symbols A
)
LaTeX Font Info:    Try loading font information for U+msb on input line 29.
("C:\Users\leo_2\AppData\Local\Programs\MiKTeX 2.9\tex/latex/amsfonts\umsb.fd"
File: umsb.fd 2013/01/14 v3.01 AMS symbols B
) [1

{C:/Users/leo_2/AppData/Local/MiKTeX/2.9/pdftex/config/pdftex.map}]
! Missing $ inserted.
<inserted text> 
                $
l.32 Se entiende por tal la disposici√≥
                                       n general que adopta el circuito de p...
I've inserted a begin-math/end-math symbol since I think
you left one out. Proceed, with fingers crossed.

! Extra }, or forgotten $.
\maththreesuperior ->{^3}
                         
l.32 Se entiende por tal la disposici√≥
                                       n general que adopta el circuito de p...
I've deleted a group-closing symbol because it seems to be
spurious, as in `$x}$'. But perhaps the } is legitimate and
you forgot something else, as in `\hbox{$x}'. In such cases
the way to recover is to insert both the forgotten and the
deleted material, e.g., by typing `I$}'.


LaTeX Warning: Command \~ invalid in math mode on input line 33.

! Please use \mathaccent for accents in math mode.
\add@accent ...@spacefactor \spacefactor }\accent 
                                                  #1 #2\egroup \spacefactor ...
l.33 ... controlado por los circuitos de excitaci√
                                                  ≥n y de
I'm changing \accent to \mathaccent here; wish me luck.
(Accents are not the same in formulas as they are in text.)

! You can't use `\spacefactor' in math mode.
\add@accent ...}\accent #1 #2\egroup \spacefactor 
                                                  \accent@spacefactor 
l.33 ... controlado por los circuitos de excitaci√
                                                  ≥n y de
Sorry, but I'm not programmed to handle this case;
I'll just pretend that you didn't ask for it.
If you're in the wrong mode, you might be able to
return to the right one by typing `I}' or `I$' or `I\par'.


LaTeX Warning: Command \~ invalid in math mode on input line 34.

! Please use \mathaccent for accents in math mode.
\add@accent ...@spacefactor \spacefactor }\accent 
                                                  #1 #2\egroup \spacefactor ...
l.34 bloqueo (estos √
                     ∫ltimos en el caso de utilizar tiristores).
I'm changing \accent to \mathaccent here; wish me luck.
(Accents are not the same in formulas as they are in text.)

! You can't use `\spacefactor' in math mode.
\add@accent ...}\accent #1 #2\egroup \spacefactor 
                                                  \accent@spacefactor 
l.34 bloqueo (estos √
                     ∫ltimos en el caso de utilizar tiristores).
Sorry, but I'm not programmed to handle this case;
I'll just pretend that you didn't ask for it.
If you're in the wrong mode, you might be able to
return to the right one by typing `I}' or `I$' or `I\par'.


LaTeX Warning: Command \textordmasculine invalid in math mode on input line 34.



LaTeX Warning: Command \~ invalid in math mode on input line 36.

! Please use \mathaccent for accents in math mode.
\add@accent ...@spacefactor \spacefactor }\accent 
                                                  #1 #2\egroup \spacefactor ...
l.36 con bateria de toma media y configuraci√
                                             ≥n en puente. Cada una de ellas...
I'm changing \accent to \mathaccent here; wish me luck.
(Accents are not the same in formulas as they are in text.)

! You can't use `\spacefactor' in math mode.
\add@accent ...}\accent #1 #2\egroup \spacefactor 
                                                  \accent@spacefactor 
l.36 con bateria de toma media y configuraci√
                                             ≥n en puente. Cada una de ellas...
Sorry, but I'm not programmed to handle this case;
I'll just pretend that you didn't ask for it.
If you're in the wrong mode, you might be able to
return to the right one by typing `I}' or `I$' or `I\par'.


LaTeX Warning: Command \~ invalid in math mode on input line 36.

! Please use \mathaccent for accents in math mode.
\add@accent ...@spacefactor \spacefactor }\accent 
                                                  #1 #2\egroup \spacefactor ...
l.36 ...jas e inconvenientes, como se expondran m√
                                                  °s adelante, independiente...
I'm changing \accent to \mathaccent here; wish me luck.
(Accents are not the same in formulas as they are in text.)

! You can't use `\spacefactor' in math mode.
\add@accent ...}\accent #1 #2\egroup \spacefactor 
                                                  \accent@spacefactor 
l.36 ...jas e inconvenientes, como se expondran m√
                                                  °s adelante, independiente...
Sorry, but I'm not programmed to handle this case;
I'll just pretend that you didn't ask for it.
If you're in the wrong mode, you might be able to
return to the right one by typing `I}' or `I$' or `I\par'.


LaTeX Warning: Command \textexclamdown invalid in math mode on input line 36.


LaTeX Warning: Command \~ invalid in math mode on input line 39.

! Please use \mathaccent for accents in math mode.
\add@accent ...@spacefactor \spacefactor }\accent 
                                                  #1 #2\egroup \spacefactor ...
l.39 ...e de C.C. esta representada por una bater√
                                                  ≠a de tension VS. El polo
I'm changing \accent to \mathaccent here; wish me luck.
(Accents are not the same in formulas as they are in text.)

! You can't use `\spacefactor' in math mode.
\add@accent ...}\accent #1 #2\egroup \spacefactor 
                                                  \accent@spacefactor 
l.39 ...e de C.C. esta representada por una bater√
                                                  ≠a de tension VS. El polo
Sorry, but I'm not programmed to handle this case;
I'll just pretend that you didn't ask for it.
If you're in the wrong mode, you might be able to
return to the right one by typing `I}' or `I$' or `I\par'.


LaTeX Warning: Command \~ invalid in math mode on input line 40.

! Please use \mathaccent for accents in math mode.
\add@accent ...@spacefactor \spacefactor }\accent 
                                                  #1 #2\egroup \spacefactor ...
l.40 positivo est√
                  ° permanentemente conectado a la toma media de un transfor...
I'm changing \accent to \mathaccent here; wish me luck.
(Accents are not the same in formulas as they are in text.)

! You can't use `\spacefactor' in math mode.
\add@accent ...}\accent #1 #2\egroup \spacefactor 
                                                  \accent@spacefactor 
l.40 positivo est√
                  ° permanentemente conectado a la toma media de un transfor...
Sorry, but I'm not programmed to handle this case;
I'll just pretend that you didn't ask for it.
If you're in the wrong mode, you might be able to
return to the right one by typing `I}' or `I$' or `I\par'.


LaTeX Warning: Command \textexclamdown invalid in math mode on input line 40.


LaTeX Warning: Command \~ invalid in math mode on input line 42.

! Please use \mathaccent for accents in math mode.
\add@accent ...@spacefactor \spacefactor }\accent 
                                                  #1 #2\egroup \spacefactor ...
l.42 ...ntoo s En los semiperiodos en que IN1 est√
                                                  ° abierto e IN2 cerrado, c...
I'm changing \accent to \mathaccent here; wish me luck.
(Accents are not the same in formulas as they are in text.)

! You can't use `\spacefactor' in math mode.
\add@accent ...}\accent #1 #2\egroup \spacefactor 
                                                  \accent@spacefactor 
l.42 ...ntoo s En los semiperiodos en que IN1 est√
                                                  ° abierto e IN2 cerrado, c...
Sorry, but I'm not programmed to handle this case;
I'll just pretend that you didn't ask for it.
If you're in the wrong mode, you might be able to
return to the right one by typing `I}' or `I$' or `I\par'.


LaTeX Warning: Command \textexclamdown invalid in math mode on input line 42.


LaTeX Warning: Command \~ invalid in math mode on input line 43.

! Please use \mathaccent for accents in math mode.
\add@accent ...@spacefactor \spacefactor }\accent 
                                                  #1 #2\egroup \spacefactor ...
l.43 ...erminales X-B del transformador una tensi√
                                                  ≥n VS con la
I'm changing \accent to \mathaccent here; wish me luck.
(Accents are not the same in formulas as they are in text.)

! You can't use `\spacefactor' in math mode.
\add@accent ...}\accent #1 #2\egroup \spacefactor 
                                                  \accent@spacefactor 
l.43 ...erminales X-B del transformador una tensi√
                                                  ≥n VS con la
Sorry, but I'm not programmed to handle this case;
I'll just pretend that you didn't ask for it.
If you're in the wrong mode, you might be able to
return to the right one by typing `I}' or `I$' or `I\par'.


LaTeX Warning: Command \~ invalid in math mode on input line 45.

! Please use \mathaccent for accents in math mode.
\add@accent ...@spacefactor \spacefactor }\accent 
                                                  #1 #2\egroup \spacefactor ...
l.45 secundario tienen el mismo n√
                                  ∫mero de espiras N, se tendr√° que la tens...
I'm changing \accent to \mathaccent here; wish me luck.
(Accents are not the same in formulas as they are in text.)

! You can't use `\spacefactor' in math mode.
\add@accent ...}\accent #1 #2\egroup \spacefactor 
                                                  \accent@spacefactor 
l.45 secundario tienen el mismo n√
                                  ∫mero de espiras N, se tendr√° que la tens...
Sorry, but I'm not programmed to handle this case;
I'll just pretend that you didn't ask for it.
If you're in the wrong mode, you might be able to
return to the right one by typing `I}' or `I$' or `I\par'.


LaTeX Warning: Command \textordmasculine invalid in math mode on input line 45.



LaTeX Warning: Command \~ invalid in math mode on input line 45.

! Please use \mathaccent for accents in math mode.
\add@accent ...@spacefactor \spacefactor }\accent 
                                                  #1 #2\egroup \spacefactor ...
l.45 ...n el mismo n√∫mero de espiras N, se tendr√
                                                  ° que la tensi√≥n de salida,
I'm changing \accent to \mathaccent here; wish me luck.
(Accents are not the same in formulas as they are in text.)

! You can't use `\spacefactor' in math mode.
\add@accent ...}\accent #1 #2\egroup \spacefactor 
                                                  \accent@spacefactor 
l.45 ...n el mismo n√∫mero de espiras N, se tendr√
                                                  ° que la tensi√≥n de salida,
Sorry, but I'm not programmed to handle this case;
I'll just pretend that you didn't ask for it.
If you're in the wrong mode, you might be able to
return to the right one by typing `I}' or `I$' or `I\par'.


LaTeX Warning: Command \textexclamdown invalid in math mode on input line 45.


LaTeX Warning: Command \~ invalid in math mode on input line 45.

! Please use \mathaccent for accents in math mode.
\add@accent ...@spacefactor \spacefactor }\accent 
                                                  #1 #2\egroup \spacefactor ...
l.45 ...ero de espiras N, se tendr√° que la tensi√
                                                  ≥n de salida,
I'm changing \accent to \mathaccent here; wish me luck.
(Accents are not the same in formulas as they are in text.)

! You can't use `\spacefactor' in math mode.
\add@accent ...}\accent #1 #2\egroup \spacefactor 
                                                  \accent@spacefactor 
l.45 ...ero de espiras N, se tendr√° que la tensi√
                                                  ≥n de salida,
Sorry, but I'm not programmed to handle this case;
I'll just pretend that you didn't ask for it.
If you're in the wrong mode, you might be able to
return to the right one by typing `I}' or `I$' or `I\par'.


LaTeX Warning: Command \~ invalid in math mode on input line 47.

! Please use \mathaccent for accents in math mode.
\add@accent ...@spacefactor \spacefactor }\accent 
                                                  #1 #2\egroup \spacefactor ...
l.47 m√
       °ximo en este primer esquema, que la carga es una resistencia pura de...
I'm changing \accent to \mathaccent here; wish me luck.
(Accents are not the same in formulas as they are in text.)

! You can't use `\spacefactor' in math mode.
\add@accent ...}\accent #1 #2\egroup \spacefactor 
                                                  \accent@spacefactor 
l.47 m√
       °ximo en este primer esquema, que la carga es una resistencia pura de...
Sorry, but I'm not programmed to handle this case;
I'll just pretend that you didn't ask for it.
If you're in the wrong mode, you might be able to
return to the right one by typing `I}' or `I$' or `I\par'.


LaTeX Warning: Command \textexclamdown invalid in math mode on input line 47.


LaTeX Warning: Command \~ invalid in math mode on input line 48.

! Please use \mathaccent for accents in math mode.
\add@accent ...@spacefactor \spacefactor }\accent 
                                                  #1 #2\egroup \spacefactor ...
l.48 intensidad de salida durante este semiper√
                                               ≠odo.
I'm changing \accent to \mathaccent here; wish me luck.
(Accents are not the same in formulas as they are in text.)

! You can't use `\spacefactor' in math mode.
\add@accent ...}\accent #1 #2\egroup \spacefactor 
                                                  \accent@spacefactor 
l.48 intensidad de salida durante este semiper√
                                               ≠odo.
Sorry, but I'm not programmed to handle this case;
I'll just pretend that you didn't ask for it.
If you're in the wrong mode, you might be able to
return to the right one by typing `I}' or `I$' or `I\par'.


LaTeX Warning: Command \~ invalid in math mode on input line 49.

! Please use \mathaccent for accents in math mode.
\add@accent ...@spacefactor \spacefactor }\accent 
                                                  #1 #2\egroup \spacefactor ...
l.49 La tensi√
              ≥n del punto A respecto del X es igual a VS y, seg√∫n los term...
I'm changing \accent to \mathaccent here; wish me luck.
(Accents are not the same in formulas as they are in text.)

! You can't use `\spacefactor' in math mode.
\add@accent ...}\accent #1 #2\egroup \spacefactor 
                                                  \accent@spacefactor 
l.49 La tensi√
              ≥n del punto A respecto del X es igual a VS y, seg√∫n los term...
Sorry, but I'm not programmed to handle this case;
I'll just pretend that you didn't ask for it.
If you're in the wrong mode, you might be able to
return to the right one by typing `I}' or `I$' or `I\par'.


LaTeX Warning: Command \~ invalid in math mode on input line 49.

! Please use \mathaccent for accents in math mode.
\add@accent ...@spacefactor \spacefactor }\accent 
                                                  #1 #2\egroup \spacefactor ...
l.49 ...nto A respecto del X es igual a VS y, seg√
                                                  ∫n los terminales
I'm changing \accent to \mathaccent here; wish me luck.
(Accents are not the same in formulas as they are in text.)

! You can't use `\spacefactor' in math mode.
\add@accent ...}\accent #1 #2\egroup \spacefactor 
                                                  \accent@spacefactor 
l.49 ...nto A respecto del X es igual a VS y, seg√
                                                  ∫n los terminales
Sorry, but I'm not programmed to handle this case;
I'll just pretend that you didn't ask for it.
If you're in the wrong mode, you might be able to
return to the right one by typing `I}' or `I$' or `I\par'.


LaTeX Warning: Command \textordmasculine invalid in math mode on input line 49.



LaTeX Warning: Command \~ invalid in math mode on input line 53.

! Please use \mathaccent for accents in math mode.
\add@accent ...@spacefactor \spacefactor }\accent 
                                                  #1 #2\egroup \spacefactor ...
l.53 el instante t2, la tension de la bateria est√
                                                  ° aplicada a los terminale...
I'm changing \accent to \mathaccent here; wish me luck.
(Accents are not the same in formulas as they are in text.)

! You can't use `\spacefactor' in math mode.
\add@accent ...}\accent #1 #2\egroup \spacefactor 
                                                  \accent@spacefactor 
l.53 el instante t2, la tension de la bateria est√
                                                  ° aplicada a los terminale...
Sorry, but I'm not programmed to handle this case;
I'll just pretend that you didn't ask for it.
If you're in the wrong mode, you might be able to
return to the right one by typing `I}' or `I$' or `I\par'.


LaTeX Warning: Command \textexclamdown invalid in math mode on input line 53.


LaTeX Warning: Command \~ invalid in math mode on input line 54.

! Please use \mathaccent for accents in math mode.
\add@accent ...@spacefactor \spacefactor }\accent 
                                                  #1 #2\egroup \spacefactor ...
l.54 ...or IN2 tambien queda sometido a una tensi√
                                                  ≥n 2VS cuando esta
I'm changing \accent to \mathaccent here; wish me luck.
(Accents are not the same in formulas as they are in text.)

! You can't use `\spacefactor' in math mode.
\add@accent ...}\accent #1 #2\egroup \spacefactor 
                                                  \accent@spacefactor 
l.54 ...or IN2 tambien queda sometido a una tensi√
                                                  ≥n 2VS cuando esta
Sorry, but I'm not programmed to handle this case;
I'll just pretend that you didn't ask for it.
If you're in the wrong mode, you might be able to
return to the right one by typing `I}' or `I$' or `I\par'.


LaTeX Warning: Command \~ invalid in math mode on input line 55.

! Please use \mathaccent for accents in math mode.
\add@accent ...@spacefactor \spacefactor }\accent 
                                                  #1 #2\egroup \spacefactor ...
l.55 ...tos dispositivos a picos de tension todav√
                                                  ≠a mayores a 2VS debido a ...
I'm changing \accent to \mathaccent here; wish me luck.
(Accents are not the same in formulas as they are in text.)

! You can't use `\spacefactor' in math mode.
\add@accent ...}\accent #1 #2\egroup \spacefactor 
                                                  \accent@spacefactor 
l.55 ...tos dispositivos a picos de tension todav√
                                                  ≠a mayores a 2VS debido a ...
Sorry, but I'm not programmed to handle this case;
I'll just pretend that you didn't ask for it.
If you're in the wrong mode, you might be able to
return to the right one by typing `I}' or `I$' or `I\par'.


LaTeX Warning: Command \~ invalid in math mode on input line 56.

! Please use \mathaccent for accents in math mode.
\add@accent ...@spacefactor \spacefactor }\accent 
                                                  #1 #2\egroup \spacefactor ...
l.56 ...para trabajar con tensiones de alimentaci√
                                                  ≥n altas. El transformador...
I'm changing \accent to \mathaccent here; wish me luck.
(Accents are not the same in formulas as they are in text.)

! You can't use `\spacefactor' in math mode.
\add@accent ...}\accent #1 #2\egroup \spacefactor 
                                                  \accent@spacefactor 
l.56 ...para trabajar con tensiones de alimentaci√
                                                  ≥n altas. El transformador...
Sorry, but I'm not programmed to handle this case;
I'll just pretend that you didn't ask for it.
If you're in the wrong mode, you might be able to
return to the right one by typing `I}' or `I$' or `I\par'.


LaTeX Warning: Command \~ invalid in math mode on input line 57.

! Please use \mathaccent for accents in math mode.
\add@accent ...@spacefactor \spacefactor }\accent 
                                                  #1 #2\egroup \spacefactor ...
l.57 media tiene un grado de utilizaci√
                                       ≥n bajo en el primario y falla  basta...
I'm changing \accent to \mathaccent here; wish me luck.
(Accents are not the same in formulas as they are in text.)

! You can't use `\spacefactor' in math mode.
\add@accent ...}\accent #1 #2\egroup \spacefactor 
                                                  \accent@spacefactor 
l.57 media tiene un grado de utilizaci√
                                       ≥n bajo en el primario y falla  basta...
Sorry, but I'm not programmed to handle this case;
I'll just pretend that you didn't ask for it.
If you're in the wrong mode, you might be able to
return to the right one by typing `I}' or `I$' or `I\par'.

! Extra }, or forgotten $.
l.58 ...onario-problemas-convertidores-dc-ac.pdf}}
                                                  
I've deleted a group-closing symbol because it seems to be
spurious, as in `$x}$'. But perhaps the } is legitimate and
you forgot something else, as in `\hbox{$x}'. In such cases
the way to recover is to insert both the forgotten and the
deleted material, e.g., by typing `I$}'.

! Missing $ inserted.
<inserted text> 
                $
l.59 
     
I've inserted a begin-math/end-math symbol since I think
you left one out. Proceed, with fingers crossed.

Missing character: There is no Á in font cmex10!
Missing character: There is no Á in font cmex10!
Missing character: There is no Á in font cmex10!
Missing character: There is no Á in font cmex10!
Missing character: There is no Á in font cmex10!
Missing character: There is no Á in font cmex10!
Missing character: There is no Á in font cmex10!
Missing character: There is no Á in font cmex10!
Missing character: There is no Á in font cmex10!
Missing character: There is no Á in font cmex10!
Missing character: There is no Á in font cmex10!
Missing character: There is no Á in font cmex10!
Missing character: There is no Á in font cmex10!
Missing character: There is no Á in font cmex10!
Missing character: There is no Á in font cmex10!
Missing character: There is no Á in font cmex10!
Missing character: There is no Á in font cmex10!
Missing character: There is no Á in font cmex10!
Missing character: There is no Á in font cmex10!
Missing character: There is no Á in font cmex10!

Overfull \hbox (785.09628pt too wide) in paragraph at lines 32--59
\OT1/cmr/m/n/12 Se en-tiende por tal la dis-posici[]A$[]\OML/cmm/m/it/12 ngener
alqueadoptaelcircuitodepotencia; incluyendolafuentedeC:C:ylacarga; controladopo
rloscircuitosdeexcitaci[][]nydebloqueo\OT1/cmr/m/n/12 (\OML/cmm/m/it/12 estos[]
[]ltimosenelcasodeutilizartiristores\OT1/cmr/m/n/12 )\OML/cmm/m/it/12 :Suelendi
stinguirsetresconfiguraciones \OT1/cmr/m/n/12 :
 []


Overfull \hbox (1217.46768pt too wide) in paragraph at lines 32--59
\OML/cmm/m/it/12 contransformadordetomamedia; conbateriadetomamediayconfiguraci
[][]nenpuente:Cadaunadeellastienesusventajaseinconvenientes; comoseexpondranm[]
\OT1/cmr/m/n/12 !`\OML/cmm/m/it/12 sadelante; independientementedelossemiconduc
toresempleadosensurealizacionydelcircuitoauxiliardeexcitacionybloqueo:Lafuented
eC:C:estarepresentadaporunabater[]\OT1/cmr/m/n/12 -
 []


Overfull \hbox (2401.47658pt too wide) in paragraph at lines 32--59
\OML/cmm/m/it/12 adetensionVS:Elpolopositivoest[]\OT1/cmr/m/n/12 !`\OML/cmm/m/i
t/12 permanentementeconectadoalatomamediadeuntransformadorqueseconsideraideal\O
T1/cmr/m/n/12 (\OML/cmm/m/it/12 intensidadmagnetizantenula; resistenciadelosdev
anadosnula; inductanciadedispersionnula\OT1/cmr/m/n/12 )\OML/cmm/m/it/12 :Elpol
onegativodelabateria; quesetomacomoreferenciadetensionesparaelcircuitoasociadoa
lprimario; seconectaalternativamentealosextremosAyBdelprimariomediantelosinterr
uptoresIN\OT1/cmr/m/n/12 1\OML/cmm/m/it/12 eIN\OT1/cmr/m/n/12 2\OML/cmm/m/it/12
 ; cuyasecuenciadefuncionamientoosEnlossemiperiodosenqueIN\OT1/cmr/m/n/12 1\OML
/cmm/m/it/12 est[]\OT1/cmr/m/n/12 !`\OML/cmm/m/it/12 abiertoeIN\OT1/cmr/m/n/12 
2\OML/cmm/m/it/12 cerrado; comosucedeenelinstantet\OT1/cmr/m/n/12 1\OML/cmm/m/i
t/12 ; seimprimealosterminalesX \OMS/cmsy/m/n/12  
 []


Overfull \hbox (1854.81953pt too wide) in paragraph at lines 32--59
\OML/cmm/m/it/12 Bdeltransformadorunatensi[][]nVSconlapolaridad:Suponiendoquelo
sdevanadosAX; XByelsecundariotienenelmismon[][]merodeespirasN; setendr[]\OT1/cm
r/m/n/12 !`\OML/cmm/m/it/12 quelatensi[][]ndesalida; atendiendoalosterminalesco
rrespondientesduranteelsemiperiodoyqueesindependientedelaintensidadquecirculapo
rlacarga:Sehasupuesto; parasimplificaralm[]\OT1/cmr/m/n/12 !`\OML/cmm/m/it/12 x
imoenesteprimeresquema; quelacargaesunaresistenciapuradevalorR:Laintensidaddesa
lidaduranteestesemiper[]\OT1/cmr/m/n/12 -
 []


Overfull \hbox (2732.12799pt too wide) in paragraph at lines 32--59
\OML/cmm/m/it/12 odo:Latensi[][]ndelpuntoArespectodelXesigualaVSy; seg[][]nlost
erminalescorrespondientes; positiva:PorlotantoIN\OT1/cmr/m/n/12 1\OML/cmm/m/it/
12 quedasometidoaunatension\OT1/cmr/m/n/12 2\OML/cmm/m/it/12 VScuandoestaabiert
o:DurantelossemiperiodosenqueIN\OT1/cmr/m/n/12 1\OML/cmm/m/it/12 estacerradoeIN
\OT1/cmr/m/n/12 2\OML/cmm/m/it/12 abierto; comosucedeenelinstantet\OT1/cmr/m/n/
12 2\OML/cmm/m/it/12 ; latensiondelabateriaest[]\OT1/cmr/m/n/12 !`\OML/cmm/m/it
/12 aplicadaalosterminalesAXdelprimarioylatensiondesalida; comopuedededucirsede
lainspecciondelosterminalescorrespondientes; laintensidaddesalidaresultaelinter
ruptorIN\OT1/cmr/m/n/12 2\OML/cmm/m/it/12 tambienquedasometidoaunatensi[][]n\OT
1/cmr/m/n/12 2\OML/cmm/m/it/12 VScuandoestaabierto:Loscircuitosrealescontransis
toresotiristoressometenportantoestosdispositivosapicosdetensiontodav[]\OT1/cmr/
m/n/12 -
 []


Overfull \hbox (1582.7734pt too wide) in paragraph at lines 32--59
\OML/cmm/m/it/12 amayoresa\OT1/cmr/m/n/12 2\OML/cmm/m/it/12 VSdebidoalasinevita
blesoscilacionesquetienenlugarenlasconmutaciones:Pordicharazonestaconfiguracion
noesadecuadaparatrabajarcontensionesdealimentaci[][]naltas:Eltransformadordetom
amediatieneungradodeutilizaci[][]nbajoenelprimarioyfallabastanteelrendimientoen
loscircuitospracticos; porloquenoesaconsejableemplearestaconfiguracionparapoten
ciassuperioresa\OT1/cmr/m/n/12 10\OML/cmm/m/it/12 KVA:[]$ 
 []

! Missing $ inserted.
<inserted text> 
                $
l.65 ...s de c.a con colector de delgas de peque√±
                                                  a potencia como en las bat...
I've inserted a begin-math/end-math symbol since I think
you left one out. Proceed, with fingers crossed.

! Missing $ inserted.
<inserted text> 
                $
l.66 \subsubsection
                   {Convertidores directos deC.A a C.A }
I've inserted a begin-math/end-math symbol since I think
you left one out. Proceed, with fingers crossed.


Overfull \hbox (132.12207pt too wide) in paragraph at lines 65--66
\OT1/cmr/m/n/12 tores elec-tri-cos mono-fa-si-cos de c.a con colec-tor de del-g
as de peque[]A$\OMS/cmsy/m/n/12 \OML/cmm/m/it/12 apotenciacomoenlasbatidorasoi
nclusoenlostaladros:$ 
 []

[2]
("EV_1_5_caracteristicas de los convertidores de potencia CA-CD,CD-CA,CA-CA,CD-
CD.aux")

LaTeX Warning: Label(s) may have changed. Rerun to get cross-references right.

 )
(\end occurred inside a group at level 1)

### simple group (level 1) entered at line 32 ({)
### bottom level 
Here is how much of TeX's memory you used:
 2872 strings out of 492895
 41181 string characters out of 3123736
 120828 words of memory out of 3000000
 6748 multiletter control sequences out of 15000+200000
 9197 words of font info for 35 fonts, out of 3000000 for 9000
 1141 hyphenation exceptions out of 8191
 41i,5n,25p,993b,137s stack positions out of 5000i,500n,10000p,200000b,50000s
<C:/Users/leo_2/AppData/Local/Programs/MiKTeX 2.9/fonts/type1/p
ublic/amsfonts/cm/cmbx12.pfb><C:/Users/leo_2/AppData/Local/Programs/MiKTeX 2.9/
fonts/type1/public/amsfonts/cm/cmmi12.pfb><C:/Users/leo_2/AppData/Local/Program
s/MiKTeX 2.9/fonts/type1/public/amsfonts/cm/cmr12.pfb><C:/Users/leo_2/AppData/L
ocal/Programs/MiKTeX 2.9/fonts/type1/public/amsfonts/cm/cmr8.pfb><C:/Users/leo_
2/AppData/Local/Programs/MiKTeX 2.9/fonts/type1/public/amsfonts/cm/cmsy10.pfb>
Output written on "EV_1_5_caracteristicas de los convertidores de potencia CA-C
D,CD-CA,CA-CA,CD-CD.pdf" (2 pages, 73348 bytes).
PDF statistics:
 29 PDF objects out of 1000 (max. 8388607)
 0 named destinations out of 1000 (max. 500000)
 1 words of extra memory for PDF output out of 10000 (max. 10000000)

